{"contracts/Raffle.sol":{"l":{"55":3,"56":3,"57":3,"58":3,"59":3,"60":3,"61":3,"62":3,"66":8,"67":1,"69":7,"70":1,"72":6,"73":6,"84":6,"85":6,"86":6,"87":6,"88":6,"94":2,"95":2,"96":0,"98":2,"99":2,"107":2,"112":0,"113":0,"114":0,"115":0,"116":0,"117":0,"118":0,"119":0,"120":0,"122":0,"127":10,"131":1,"135":0,"139":2,"143":0,"147":0,"151":0,"155":1,"159":10},"path":"/Users/pranavlakkadi/HH-FCC/HH-Lottery/contracts/Raffle.sol","s":{"1":8,"2":7,"3":6,"4":6,"5":6,"6":6,"7":6,"8":6,"9":2,"10":2,"11":2,"12":2,"13":0,"14":0,"15":0,"16":0,"17":0,"18":10,"19":1,"20":0,"21":2,"22":0,"23":0,"24":0,"25":1,"26":10},"b":{"1":[1,7],"2":[1,6],"3":[0,2],"4":[0,0]},"f":{"1":3,"2":8,"3":6,"4":2,"5":0,"6":10,"7":1,"8":0,"9":2,"10":0,"11":0,"12":0,"13":1,"14":10},"fnMap":{"1":{"name":"constructor","line":54,"loc":{"start":{"line":54,"column":4},"end":{"line":63,"column":4}}},"2":{"name":"enterRaffle","line":65,"loc":{"start":{"line":65,"column":4},"end":{"line":74,"column":4}}},"3":{"name":"checkUpkeep","line":83,"loc":{"start":{"line":83,"column":4},"end":{"line":89,"column":4}}},"4":{"name":"performUpkeep","line":91,"loc":{"start":{"line":91,"column":4},"end":{"line":109,"column":4}}},"5":{"name":"fulfillRandomWords","line":111,"loc":{"start":{"line":111,"column":4},"end":{"line":123,"column":4}}},"6":{"name":"getEntranceFee","line":126,"loc":{"start":{"line":126,"column":4},"end":{"line":128,"column":4}}},"7":{"name":"getPlayers","line":130,"loc":{"start":{"line":130,"column":4},"end":{"line":132,"column":4}}},"8":{"name":"getRecentWinner","line":134,"loc":{"start":{"line":134,"column":4},"end":{"line":136,"column":4}}},"9":{"name":"getRaffleState","line":138,"loc":{"start":{"line":138,"column":4},"end":{"line":140,"column":4}}},"10":{"name":"getNum_Words","line":142,"loc":{"start":{"line":142,"column":4},"end":{"line":144,"column":4}}},"11":{"name":"getNumberOfPlayers","line":146,"loc":{"start":{"line":146,"column":4},"end":{"line":148,"column":4}}},"12":{"name":"getLatestTimestamp","line":150,"loc":{"start":{"line":150,"column":4},"end":{"line":152,"column":4}}},"13":{"name":"getRequestConfirmations","line":154,"loc":{"start":{"line":154,"column":4},"end":{"line":156,"column":4}}},"14":{"name":"getInterval","line":158,"loc":{"start":{"line":158,"column":4},"end":{"line":160,"column":4}}}},"statementMap":{"1":{"start":{"line":66,"column":8},"end":{"line":66,"column":2528}},"2":{"start":{"line":69,"column":8},"end":{"line":69,"column":2628}},"3":{"start":{"line":72,"column":8},"end":{"line":72,"column":42}},"4":{"start":{"line":73,"column":8},"end":{"line":73,"column":36}},"5":{"start":{"line":84,"column":8},"end":{"line":84,"column":57}},"6":{"start":{"line":85,"column":8},"end":{"line":85,"column":74}},"7":{"start":{"line":86,"column":8},"end":{"line":86,"column":48}},"8":{"start":{"line":87,"column":8},"end":{"line":87,"column":53}},"9":{"start":{"line":94,"column":8},"end":{"line":94,"column":47}},"10":{"start":{"line":95,"column":8},"end":{"line":95,"column":4010}},"11":{"start":{"line":99,"column":8},"end":{"line":99,"column":4205}},"12":{"start":{"line":107,"column":8},"end":{"line":107,"column":45}},"13":{"start":{"line":112,"column":8},"end":{"line":112,"column":62}},"14":{"start":{"line":113,"column":8},"end":{"line":113,"column":63}},"15":{"start":{"line":118,"column":8},"end":{"line":118,"column":78}},"16":{"start":{"line":119,"column":8},"end":{"line":119,"column":4973}},"17":{"start":{"line":122,"column":8},"end":{"line":122,"column":39}},"18":{"start":{"line":127,"column":8},"end":{"line":127,"column":28}},"19":{"start":{"line":131,"column":8},"end":{"line":131,"column":31}},"20":{"start":{"line":135,"column":8},"end":{"line":135,"column":29}},"21":{"start":{"line":139,"column":8},"end":{"line":139,"column":28}},"22":{"start":{"line":143,"column":8},"end":{"line":143,"column":24}},"23":{"start":{"line":147,"column":8},"end":{"line":147,"column":31}},"24":{"start":{"line":151,"column":8},"end":{"line":151,"column":30}},"25":{"start":{"line":155,"column":8},"end":{"line":155,"column":36}},"26":{"start":{"line":159,"column":8},"end":{"line":159,"column":25}}},"branchMap":{"1":{"line":66,"type":"if","locations":[{"start":{"line":66,"column":8},"end":{"line":66,"column":8}},{"start":{"line":66,"column":8},"end":{"line":66,"column":8}}]},"2":{"line":69,"type":"if","locations":[{"start":{"line":69,"column":8},"end":{"line":69,"column":8}},{"start":{"line":69,"column":8},"end":{"line":69,"column":8}}]},"3":{"line":95,"type":"if","locations":[{"start":{"line":95,"column":8},"end":{"line":95,"column":8}},{"start":{"line":95,"column":8},"end":{"line":95,"column":8}}]},"4":{"line":119,"type":"if","locations":[{"start":{"line":119,"column":8},"end":{"line":119,"column":8}},{"start":{"line":119,"column":8},"end":{"line":119,"column":8}}]}}},"contracts/test/VRFCoordinatorV2Mock.sol":{"l":{},"path":"/Users/pranavlakkadi/HH-FCC/HH-Lottery/contracts/test/VRFCoordinatorV2Mock.sol","s":{},"b":{},"f":{},"fnMap":{},"statementMap":{},"branchMap":{}}}